============================= test session starts ==============================
platform darwin -- Python 3.9.6, pytest-8.4.2, pluggy-1.6.0 -- /Library/Developer/CommandLineTools/usr/bin/python3
cachedir: .pytest_cache
rootdir: /Users/kc/slice-of-pi
configfile: pyproject.toml
plugins: anyio-4.12.1, asyncio-1.2.0, cov-7.0.0
asyncio: mode=auto, debug=False, asyncio_default_fixture_loop_scope=function, asyncio_default_test_loop_scope=function
collecting ... collected 309 items

tests/test_activities_api.py::TestListActivities::test_list_activities_empty PASSED [  0%]
tests/test_activities_api.py::TestListActivities::test_list_activities PASSED [  0%]
tests/test_activities_api.py::TestListActivities::test_list_activities_filter_by_agent PASSED [  0%]
tests/test_activities_api.py::TestListActivities::test_list_activities_limit PASSED [  1%]
tests/test_activities_api.py::TestListActivities::test_activity_event_data PASSED [  1%]
tests/test_agent_profile_service.py::TestFormatProfileAsPrompt::test_empty_for_nonexistent_agent PASSED [  1%]
tests/test_agent_profile_service.py::TestFormatProfileAsPrompt::test_empty_for_no_profile_data PASSED [  2%]
tests/test_agent_profile_service.py::TestFormatProfileAsPrompt::test_includes_static_facts PASSED [  2%]
tests/test_agent_profile_service.py::TestFormatProfileAsPrompt::test_includes_dynamic_facts PASSED [  2%]
tests/test_agent_profile_service.py::TestFormatProfileAsPrompt::test_caps_dynamic_at_5_entries PASSED [  3%]
tests/test_agent_profile_service.py::TestExtractSessionSummary::test_creates_summary_with_session_prefix PASSED [  3%]
tests/test_agent_profile_service.py::TestExtractSessionSummary::test_truncates_long_prompts PASSED [  3%]
tests/test_agents_api.py::TestCreateAgent::test_create_agent PASSED      [  4%]
tests/test_agents_api.py::TestCreateAgent::test_create_agent_minimal PASSED [  4%]
tests/test_agents_api.py::TestCreateAgent::test_create_agent_empty_name_fails PASSED [  4%]
tests/test_agents_api.py::TestCreateAgent::test_create_agent_invalid_name_fails PASSED [  5%]
tests/test_agents_api.py::TestCreateAgent::test_create_agent_duplicate_fails PASSED [  5%]
tests/test_agents_api.py::TestCreateAgent::test_create_agent_emits_event PASSED [  5%]
tests/test_agents_api.py::TestCreateAgent::test_create_agent_records_activity PASSED [  6%]
tests/test_agents_api.py::TestListAgents::test_list_agents_empty PASSED  [  6%]
tests/test_agents_api.py::TestListAgents::test_list_agents PASSED        [  6%]
tests/test_agents_api.py::TestListAgents::test_list_agents_filter_by_status PASSED [  7%]
tests/test_agents_api.py::TestGetAgent::test_get_agent PASSED            [  7%]
tests/test_agents_api.py::TestGetAgent::test_get_agent_not_found PASSED  [  7%]
tests/test_agents_api.py::TestGetAgent::test_get_agent_with_schedule PASSED [  8%]
tests/test_agents_api.py::TestDeleteAgent::test_delete_agent PASSED      [  8%]
tests/test_agents_api.py::TestDeleteAgent::test_delete_agent_not_found PASSED [  8%]
tests/test_agents_api.py::TestDeleteAgent::test_delete_agent_emits_event PASSED [  9%]
tests/test_agents_api.py::TestDeleteAgent::test_delete_agent_records_activity PASSED [  9%]
tests/test_chat_api.py::TestChatStreaming::test_chat_returns_sse PASSED  [  9%]
tests/test_chat_api.py::TestChatStreaming::test_chat_streams_text_deltas PASSED [ 10%]
tests/test_chat_api.py::TestChatStreaming::test_chat_with_tool_call PASSED [ 10%]
tests/test_chat_api.py::TestChatStreaming::test_chat_agent_not_found PASSED [ 10%]
tests/test_chat_api.py::TestChatStreaming::test_chat_creates_session_record PASSED [ 11%]
tests/test_chat_api.py::TestChatStreaming::test_chat_agent_becomes_busy_then_idle PASSED [ 11%]
tests/test_chat_api.py::TestChatStreaming::test_chat_with_model_override PASSED [ 11%]
tests/test_chat_api.py::TestChatStreaming::test_chat_with_timeout_param PASSED [ 11%]
tests/test_chat_api.py::TestChatStreaming::test_chat_empty_message_fails PASSED [ 12%]
tests/test_chat_api.py::TestChatStreaming::test_chat_error_handling PASSED [ 12%]
tests/test_chat_api.py::TestChatHistory::test_chat_history_empty PASSED  [ 12%]
tests/test_chat_api.py::TestChatHistory::test_chat_history_after_chat PASSED [ 13%]
tests/test_chat_api.py::TestChatHistory::test_chat_history_agent_not_found PASSED [ 13%]
tests/test_chat_api.py::TestChatHistory::test_chat_history_limit PASSED  [ 13%]
tests/test_coms_api.py::TestListPeers::test_list_peers_empty PASSED      [ 14%]
tests/test_coms_api.py::TestListPeers::test_list_peers PASSED            [ 14%]
tests/test_coms_api.py::TestListPeers::test_peer_has_project PASSED      [ 14%]
tests/test_coms_api.py::TestListPeers::test_malformed_peer_file PASSED   [ 15%]
tests/test_coms_api.py::TestListPeers::test_multiple_projects PASSED     [ 15%]
tests/test_coms_api.py::TestListPeers::test_coms_methods PASSED          [ 15%]
tests/test_connectors.py::TestPluginDiscovery::test_discover_builtins PASSED [ 16%]
tests/test_connectors.py::TestPluginDiscovery::test_get_webhook_plugin PASSED [ 16%]
tests/test_connectors.py::TestPluginDiscovery::test_get_unknown_returns_none PASSED [ 16%]
tests/test_connectors.py::TestPluginDiscovery::test_list_available PASSED [ 17%]
tests/test_connectors.py::TestWebhookPlugin::test_authorize_valid_token PASSED [ 17%]
tests/test_connectors.py::TestWebhookPlugin::test_authorize_short_token_raises PASSED [ 17%]
tests/test_connectors.py::TestWebhookPlugin::test_verify_valid PASSED    [ 18%]
tests/test_database.py::TestAgentCRUD::test_create_agent PASSED          [ 18%]
tests/test_database.py::TestAgentCRUD::test_create_agent_defaults PASSED [ 18%]
tests/test_database.py::TestAgentCRUD::test_create_agent_duplicate_name_raises PASSED [ 19%]
tests/test_database.py::TestAgentCRUD::test_get_agent PASSED             [ 19%]
tests/test_database.py::TestAgentCRUD::test_get_agent_not_found PASSED   [ 19%]
tests/test_database.py::TestAgentCRUD::test_list_agents PASSED           [ 20%]
tests/test_database.py::TestAgentCRUD::test_list_agents_filter_by_status PASSED [ 20%]
tests/test_database.py::TestAgentCRUD::test_list_agents_empty PASSED     [ 20%]
tests/test_database.py::TestAgentCRUD::test_update_agent_status PASSED   [ 21%]
tests/test_database.py::TestAgentCRUD::test_update_agent_tokens PASSED   [ 21%]
tests/test_database.py::TestAgentCRUD::test_increment_session_count PASSED [ 21%]
tests/test_database.py::TestAgentCRUD::test_delete_agent PASSED          [ 22%]
tests/test_database.py::TestAgentCRUD::test_delete_agent_not_found PASSED [ 22%]
tests/test_database.py::TestAgentCRUD::test_agent_count PASSED           [ 22%]
tests/test_database.py::TestAgentCRUD::test_update_session_file PASSED   [ 22%]
tests/test_database.py::TestSessionCRUD::test_create_session PASSED      [ 23%]
tests/test_database.py::TestSessionCRUD::test_get_session PASSED         [ 23%]
tests/test_database.py::TestSessionCRUD::test_get_session_not_found PASSED [ 23%]
tests/test_database.py::TestSessionCRUD::test_list_sessions PASSED       [ 24%]
tests/test_database.py::TestSessionCRUD::test_list_sessions_filter_by_agent PASSED [ 24%]
tests/test_database.py::TestSessionCRUD::test_update_session_status PASSED [ 24%]
tests/test_database.py::TestSessionCRUD::test_update_session_tokens PASSED [ 25%]
tests/test_database.py::TestSessionCRUD::test_update_session_turns PASSED [ 25%]
tests/test_database.py::TestSessionCRUD::test_session_cascading_delete PASSED [ 25%]
tests/test_database.py::TestSessionCRUD::test_active_session_count PASSED [ 26%]
tests/test_database.py::TestActivityCRUD::test_record_activity PASSED    [ 26%]
tests/test_database.py::TestActivityCRUD::test_record_activity_without_data PASSED [ 26%]
tests/test_database.py::TestActivityCRUD::test_list_activities_order PASSED [ 27%]
tests/test_database.py::TestActivityCRUD::test_list_activities_filter_by_agent PASSED [ 27%]
tests/test_database.py::TestActivityCRUD::test_list_activities_limit PASSED [ 27%]
tests/test_database.py::TestScheduleCRUD::test_create_schedule PASSED    [ 28%]
tests/test_database.py::TestScheduleCRUD::test_create_schedule_minimal PASSED [ 28%]
tests/test_database.py::TestScheduleCRUD::test_get_schedule PASSED       [ 28%]
tests/test_database.py::TestScheduleCRUD::test_get_schedule_not_found PASSED [ 29%]
tests/test_database.py::TestScheduleCRUD::test_list_schedules PASSED     [ 29%]
tests/test_database.py::TestScheduleCRUD::test_list_schedules_filter_by_agent PASSED [ 29%]
tests/test_database.py::TestScheduleCRUD::test_update_schedule PASSED    [ 30%]
tests/test_database.py::TestScheduleCRUD::test_update_schedule_partial PASSED [ 30%]
tests/test_database.py::TestScheduleCRUD::test_delete_schedule PASSED    [ 30%]
tests/test_database.py::TestScheduleCRUD::test_delete_schedule_not_found PASSED [ 31%]
tests/test_database.py::TestScheduleCRUD::test_schedule_execution_lifecycle PASSED [ 31%]
tests/test_database.py::TestScheduleCRUD::test_schedule_execution_error PASSED [ 31%]
tests/test_database.py::TestScheduleCRUD::test_schedule_execution_timeout PASSED [ 32%]
tests/test_database.py::TestScheduleCRUD::test_schedule_cascade_delete PASSED [ 32%]
tests/test_database.py::TestHelpers::test_new_id_generates_unique PASSED [ 32%]
tests/test_database.py::TestHelpers::test_now_iso_format PASSED          [ 33%]
tests/test_database.py::TestHelpers::test_empty_db_counts PASSED         [ 33%]
tests/test_e2e_api.py::TestSystem::test_health FAILED                    [ 33%]
tests/test_e2e_api.py::TestSystem::test_pi_version FAILED                [ 33%]
tests/test_e2e_api.py::TestSystem::test_settings FAILED                  [ 34%]
tests/test_e2e_api.py::TestAgents::test_create FAILED                    [ 34%]
tests/test_e2e_api.py::TestAgents::test_list FAILED                      [ 34%]
tests/test_e2e_api.py::TestAgents::test_get FAILED                       [ 35%]
tests/test_e2e_api.py::TestAgents::test_update FAILED                    [ 35%]
tests/test_e2e_api.py::TestAgents::test_delete FAILED                    [ 35%]
tests/test_e2e_api.py::TestChat::test_chat_streams SKIPPED (No agent...) [ 36%]
tests/test_e2e_api.py::TestChat::test_session_resume SKIPPED (No age...) [ 36%]
tests/test_e2e_api.py::TestSessions::test_list_sessions FAILED           [ 36%]
tests/test_e2e_api.py::TestSessions::test_fork_session SKIPPED (No a...) [ 37%]
tests/test_event_bus.py::TestEventBusBasic::test_publish_delivers_to_subscriber PASSED [ 37%]
tests/test_event_bus.py::TestEventBusBasic::test_publish_without_data PASSED [ 37%]
tests/test_event_bus.py::TestEventBusBasic::test_fan_out_to_multiple_subscribers PASSED [ 38%]
tests/test_event_bus.py::TestEventBusBasic::test_unsubscribe_removes_subscriber PASSED [ 38%]
tests/test_event_bus.py::TestEventBusBasic::test_unsubscribe_nonexistent PASSED [ 38%]
tests/test_event_bus.py::TestEventBusBasic::test_multiple_events PASSED  [ 39%]
tests/test_event_bus.py::TestEventBusBasic::test_callback_exception_does_not_crash_bus PASSED [ 39%]
tests/test_event_bus.py::TestEventBusLifecycle::test_stop_prevents_delivery PASSED [ 39%]
tests/test_event_bus.py::TestEventBusLifecycle::test_publish_before_start PASSED [ 40%]
tests/test_event_bus.py::TestEventBusLifecycle::test_double_stop PASSED  [ 40%]
tests/test_event_bus.py::TestEventBusLifecycle::test_double_start PASSED [ 40%]
tests/test_event_bus.py::TestEventBusOrdering::test_events_in_order PASSED [ 41%]
tests/test_event_bus.py::TestEventBusIntegration::test_subscription_id_is_unique PASSED [ 41%]
tests/test_event_bus.py::TestEventBusIntegration::test_subscribe_returns_uuid PASSED [ 41%]
tests/test_events_ws.py::TestEventsWebSocket::test_websocket_connect PASSED [ 42%]
tests/test_events_ws.py::TestEventsWebSocket::test_websocket_receives_events PASSED [ 42%]
tests/test_events_ws.py::TestEventsWebSocket::test_websocket_multiple_events PASSED [ 42%]
tests/test_events_ws.py::TestEventsWebSocket::test_websocket_event_types PASSED [ 43%]
tests/test_events_ws.py::TestEventsWebSocket::test_websocket_disconnect_cleanup PASSED [ 43%]
tests/test_extensions_api.py::TestListExtensions::test_list_extensions_empty PASSED [ 43%]
tests/test_extensions_api.py::TestListExtensions::test_list_global_extensions PASSED [ 44%]
tests/test_extensions_api.py::TestListExtensions::test_list_extensions_with_subdirectory PASSED [ 44%]
tests/test_extensions_api.py::TestListExtensions::test_list_extensions_filters_file_types PASSED [ 44%]
tests/test_extensions_api.py::TestListExtensions::test_list_extensions_has_source_field PASSED [ 44%]
tests/test_extensions_api.py::TestListExtensions::test_extensions_endpoint_methods PASSED [ 45%]
tests/test_flixz.py::TestFlixzDatabase::test_create_flixz_run PASSED     [ 45%]
tests/test_flixz.py::TestFlixzDatabase::test_get_flixz_run PASSED        [ 45%]
tests/test_flixz.py::TestFlixzDatabase::test_get_flixz_run_not_found PASSED [ 46%]
tests/test_flixz.py::TestFlixzDatabase::test_list_flixz_runs PASSED      [ 46%]
tests/test_flixz.py::TestFlixzDatabase::test_list_flixz_runs_filter_by_agent PASSED [ 46%]
tests/test_flixz.py::TestFlixzDatabase::test_update_flixz_run_completed PASSED [ 47%]
tests/test_flixz.py::TestFlixzDatabase::test_update_flixz_run_failed PASSED [ 47%]
tests/test_flixz.py::TestFlixzDatabase::test_delete_flixz_run PASSED     [ 47%]
tests/test_flixz.py::TestFlixzDatabase::test_delete_flixz_run_not_found PASSED [ 48%]
tests/test_flixz.py::TestFlixzRouter::test_all_routes_registered PASSED  [ 48%]
tests/test_flixz.py::TestFlixzRouter::test_system_extract_requires_video_path PASSED [ 48%]
tests/test_flixz.py::TestFlixzRouter::test_system_extract_accepts_valid_request PASSED [ 49%]
tests/test_flixz.py::TestFlixzRouter::test_agent_extract_requires_valid_agent PASSED [ 49%]
tests/test_flixz.py::TestFlixzRouter::test_agent_extract_404_for_missing_agent PASSED [ 49%]
tests/test_flixz.py::TestFlixzRouter::test_system_list_runs PASSED       [ 50%]
tests/test_flixz.py::TestFlixzRouter::test_system_get_run_404 PASSED     [ 50%]
tests/test_flixz.py::TestFlixzRouter::test_agent_list_runs_404_missing_agent PASSED [ 50%]
tests/test_flixz.py::TestFlixzService::test_imports PASSED               [ 51%]
tests/test_flixz.py::TestFlixzService::test_ffmpeg_handles_missing_file PASSED [ 51%]
tests/test_health_api.py::TestHealthEndpoint::test_health_ok PASSED      [ 51%]
tests/test_health_api.py::TestHealthEndpoint::test_health_with_agents PASSED [ 52%]
tests/test_health_api.py::TestHealthEndpoint::test_health_with_active_sessions PASSED [ 52%]
tests/test_health_api.py::TestHealthEndpoint::test_health_completed_sessions_not_counted PASSED [ 52%]
tests/test_health_api.py::TestHealthEndpoint::test_health_method_not_allowed PASSED [ 53%]
tests/test_new_services.py::TestAgentProfileService::test_format_profile_empty PASSED [ 53%]
tests/test_new_services.py::TestAgentProfileService::test_format_profile_with_data PASSED [ 53%]
tests/test_new_services.py::TestAgentProfileService::test_extract_session_summary PASSED [ 54%]
tests/test_new_services.py::TestAgentProfileService::test_append_agent_memory_dedup PASSED [ 54%]
tests/test_new_services.py::TestAgentProfileService::test_append_agent_memory_cap PASSED [ 54%]
tests/test_new_services.py::TestSharedMemoryService::test_write_and_read_fact PASSED [ 55%]
tests/test_new_services.py::TestSharedMemoryService::test_deduplicate_facts PASSED [ 55%]
tests/test_new_services.py::TestSharedMemoryService::test_empty_tag_returns_empty PASSED [ 55%]
tests/test_new_services.py::TestSharedMemoryService::test_cleanup_expired_facts PASSED [ 55%]
tests/test_new_services.py::TestSharedMemoryService::test_delete_agent_facts PASSED [ 56%]
tests/test_new_services.py::TestConnectorRegistry::test_webhook_connector_loaded PASSED [ 56%]
tests/test_new_services.py::TestConnectorRegistry::test_webhook_authorize_valid PASSED [ 56%]
tests/test_new_services.py::TestConnectorRegistry::test_webhook_authorize_short_token PASSED [ 57%]
tests/test_new_services.py::TestConnectorRegistry::test_webhook_verify_valid PASSED [ 57%]
tests/test_new_services.py::TestConnectorRegistry::test_webhook_verify_empty PASSED [ 57%]
tests/test_new_services.py::TestConnectorRegistry::test_list_available PASSED [ 58%]
tests/test_new_services.py::TestConnectorDB::test_create_connector PASSED [ 58%]
tests/test_new_services.py::TestConnectorDB::test_get_connector PASSED   [ 58%]
tests/test_new_services.py::TestConnectorDB::test_list_connectors PASSED [ 59%]
tests/test_new_services.py::TestConnectorDB::test_delete_connector PASSED [ 59%]
tests/test_pi_session_service.py::TestCreateAgent::test_create_agent_basic PASSED [ 59%]
tests/test_pi_session_service.py::TestCreateAgent::test_create_agent_minimal PASSED [ 60%]
tests/test_pi_session_service.py::TestCreateAgent::test_create_agent_duplicate_name PASSED [ 60%]
tests/test_pi_session_service.py::TestDestroyAgent::test_destroy_agent PASSED [ 60%]
tests/test_pi_session_service.py::TestDestroyAgent::test_destroy_agent_not_found PASSED [ 61%]
tests/test_pi_session_service.py::TestDestroyAgent::test_destroy_running_agent PASSED [ 61%]
tests/test_pi_session_service.py::TestGetStatus::test_get_status PASSED  [ 61%]
tests/test_pi_session_service.py::TestGetStatus::test_get_status_not_found PASSED [ 62%]
tests/test_pi_session_service.py::TestListAll::test_list_all PASSED      [ 62%]
tests/test_pi_session_service.py::TestListAll::test_list_all_empty PASSED [ 62%]
tests/test_pi_session_service.py::TestGetRunningSessions::test_get_running_empty PASSED [ 63%]
tests/test_pi_session_service.py::TestGetRunningSessions::test_get_running_after_chat PASSED [ 63%]
tests/test_pi_session_service.py::TestStreamChat::test_stream_chat_returns_chunks PASSED [ 63%]
tests/test_pi_session_service.py::TestStreamChat::test_stream_chat_with_tool_calls PASSED [ 64%]
tests/test_pi_session_service.py::TestStreamChat::test_stream_chat_agent_not_found PASSED [ 64%]
tests/test_pi_session_service.py::TestStreamChat::test_stream_chat_creates_session PASSED [ 64%]
tests/test_pi_session_service.py::TestStreamChat::test_stream_chat_updates_agent_status PASSED [ 65%]
tests/test_pi_session_service.py::TestStreamChat::test_stream_chat_increments_session_count PASSED [ 65%]
tests/test_pi_session_service.py::TestStreamChat::test_stream_chat_records_activity PASSED [ 65%]
tests/test_pi_session_service.py::TestStreamChat::test_stream_chat_with_model_override PASSED [ 66%]
tests/test_pi_session_service.py::TestStreamChat::test_stream_chat_with_timeout_override PASSED [ 66%]
tests/test_pi_session_service.py::TestKillAll::test_kill_all_empty PASSED [ 66%]
tests/test_pi_session_service.py::TestKillAll::test_kill_all_clears_registry PASSED [ 66%]
tests/test_profile_api.py::TestGetProfile::test_get_profile_returns_profile PASSED [ 67%]
tests/test_profile_api.py::TestGetProfile::test_get_profile_not_found PASSED [ 67%]
tests/test_profile_api.py::TestGetProfile::test_get_profile_has_preview PASSED [ 67%]
tests/test_profile_api.py::TestForgetFact::test_forget_existing_fact PASSED [ 68%]
tests/test_profile_api.py::TestForgetFact::test_forget_nonexistent_fact_returns_404 PASSED [ 68%]
tests/test_profile_api.py::TestForgetFact::test_forget_missing_fact_field_returns_400 PASSED [ 68%]
tests/test_schedules_api.py::TestCreateSchedule::test_create_schedule PASSED [ 69%]
tests/test_schedules_api.py::TestCreateSchedule::test_create_schedule_minimal PASSED [ 69%]
tests/test_schedules_api.py::TestCreateSchedule::test_create_schedule_agent_not_found PASSED [ 69%]
tests/test_schedules_api.py::TestCreateSchedule::test_create_schedule_disabled PASSED [ 70%]
tests/test_schedules_api.py::TestCreateSchedule::test_create_schedule_invalid_cron_fails PASSED [ 70%]
tests/test_schedules_api.py::TestListSchedules::test_list_schedules_empty PASSED [ 70%]
tests/test_schedules_api.py::TestListSchedules::test_list_schedules PASSED [ 71%]
tests/test_schedules_api.py::TestListSchedules::test_list_schedules_filter_by_agent PASSED [ 71%]
tests/test_schedules_api.py::TestGetSchedule::test_get_schedule PASSED   [ 71%]
tests/test_schedules_api.py::TestGetSchedule::test_get_schedule_with_executions PASSED [ 72%]
tests/test_schedules_api.py::TestGetSchedule::test_get_schedule_not_found PASSED [ 72%]
tests/test_schedules_api.py::TestUpdateSchedule::test_update_schedule PASSED [ 72%]
tests/test_schedules_api.py::TestUpdateSchedule::test_update_schedule_not_found PASSED [ 73%]
tests/test_schedules_api.py::TestDeleteSchedule::test_delete_schedule PASSED [ 73%]
tests/test_schedules_api.py::TestDeleteSchedule::test_delete_schedule_not_found PASSED [ 73%]
tests/test_sessions_api.py::TestListSessions::test_list_sessions_empty PASSED [ 74%]
tests/test_sessions_api.py::TestListSessions::test_list_sessions PASSED  [ 74%]
tests/test_sessions_api.py::TestListSessions::test_list_sessions_filter_by_agent PASSED [ 74%]
tests/test_sessions_api.py::TestListSessions::test_list_sessions_filter_by_status PASSED [ 75%]
tests/test_sessions_api.py::TestListSessions::test_list_sessions_limit PASSED [ 75%]
tests/test_sessions_api.py::TestListSessions::test_list_sessions_returns_sorted PASSED [ 75%]
tests/test_sessions_api.py::TestGetSession::test_get_session PASSED      [ 76%]
tests/test_sessions_api.py::TestGetSession::test_get_session_not_found PASSED [ 76%]
tests/test_sessions_api.py::TestGetSession::test_get_session_with_messages PASSED [ 76%]
tests/test_sessions_api.py::TestGetSession::test_get_session_missing_file PASSED [ 77%]
tests/test_sessions_api.py::TestExportSession::test_export_session PASSED [ 77%]
tests/test_sessions_api.py::TestExportSession::test_export_session_not_found PASSED [ 77%]
tests/test_sessions_api.py::TestExportSession::test_export_session_file_missing PASSED [ 77%]
tests/test_shared_memory_service.py::TestWriteAndRead::test_write_and_read_back PASSED [ 78%]
tests/test_shared_memory_service.py::TestWriteAndRead::test_multiple_tags PASSED [ 78%]
tests/test_shared_memory_service.py::TestWriteAndRead::test_no_match_returns_empty PASSED [ 78%]
tests/test_shared_memory_service.py::TestDeduplication::test_dedup_same_fact PASSED [ 79%]
tests/test_shared_memory_service.py::TestDeduplication::test_dedup_preserves_unique PASSED [ 79%]
tests/test_shared_memory_service.py::TestCleanup::test_cleanup_expired PASSED [ 79%]
tests/test_shared_memory_service.py::TestCleanup::test_delete_agent_facts PASSED [ 80%]
tests/test_skills_api.py::TestListSkills::test_list_skills_empty PASSED  [ 80%]
tests/test_skills_api.py::TestListSkills::test_list_skills_with_directory_skill PASSED [ 80%]
tests/test_skills_api.py::TestListSkills::test_list_skills_with_md_file PASSED [ 81%]
tests/test_skills_api.py::TestListSkills::test_list_skills_no_frontmatter PASSED [ 81%]
tests/test_skills_api.py::TestListSkills::test_list_skills_returns_location PASSED [ 81%]
tests/test_skills_api.py::TestListSkills::test_skills_endpoint_methods PASSED [ 82%]
tests/test_teams_api.py::TestListTeams::test_list_teams PASSED           [ 82%]
tests/test_teams_api.py::TestListTeams::test_team_member_details PASSED  [ 82%]
tests/test_teams_api.py::TestListTeams::test_list_teams_without_teams_file PASSED [ 83%]
tests/test_teams_api.py::TestListTeams::test_team_methods PASSED         [ 83%]
tests/test_teams_api.py::TestDeployTeam::test_deploy_team PASSED         [ 83%]
tests/test_teams_api.py::TestDeployTeam::test_deploy_team_not_found PASSED [ 84%]
tests/test_teams_api.py::TestDeployTeam::test_deploy_qa_team PASSED      [ 84%]
tests/test_templates_api.py::TestListTemplates::test_list_templates_empty PASSED [ 84%]
tests/test_templates_api.py::TestListTemplates::test_list_templates PASSED [ 85%]
tests/test_templates_api.py::TestListTemplates::test_list_templates_with_all_fields PASSED [ 85%]
tests/test_templates_api.py::TestListTemplates::test_list_templates_skips_non_md_files PASSED [ 85%]
tests/test_templates_api.py::TestGetTemplate::test_get_template PASSED   [ 86%]
tests/test_templates_api.py::TestGetTemplate::test_get_template_not_found PASSED [ 86%]
tests/test_templates_api.py::TestGetTemplate::test_get_template_without_frontmatter PASSED [ 86%]
tests/test_terminal.py::TestTerminalModes::test_pi_is_valid_mode PASSED  [ 87%]
tests/test_terminal.py::TestTerminalModes::test_bash_is_valid_mode PASSED [ 87%]
tests/test_terminal.py::TestTerminalModes::test_rejects_empty_mode PASSED [ 87%]
tests/test_terminal.py::TestTerminalModes::test_rejects_unknown_mode PASSED [ 88%]
tests/test_terminal.py::TestTerminalModes::test_mode_must_be_pi_or_bash PASSED [ 88%]
tests/test_terminal.py::TestTerminalModes::test_mode_case_sensitive PASSED [ 88%]
tests/test_terminal.py::TestOrchestratorConfigPath::test_config_path_under_pi_agent_dir PASSED [ 88%]
tests/test_terminal.py::TestOrchestratorConfigPath::test_config_file_created_with_secure_permissions PASSED [ 89%]
tests/test_terminal.py::TestOrchestratorConfigDefaults::test_load_returns_dict PASSED [ 89%]
tests/test_terminal.py::TestOrchestratorConfigDefaults::test_load_has_profiles_key PASSED [ 89%]
tests/test_terminal.py::TestOrchestratorConfigDefaults::test_load_has_current_profile PASSED [ 90%]
tests/test_terminal.py::TestOrchestratorConfigDefaults::test_default_profile_is_default PASSED [ 90%]
tests/test_terminal.py::TestOrchestratorConfigCRUD::test_set_profile_key_creates_profile PASSED [ 90%]
tests/test_terminal.py::TestOrchestratorConfigCRUD::test_set_profile_key_updates_existing PASSED [ 91%]
tests/test_terminal.py::TestOrchestratorConfigCRUD::test_set_profile_key_multiple_keys PASSED [ 91%]
tests/test_terminal.py::TestOrchestratorConfigCRUD::test_remove_profile_returns_true PASSED [ 91%]
tests/test_terminal.py::TestOrchestratorConfigCRUD::test_remove_missing_profile_returns_false PASSED [ 92%]
tests/test_terminal.py::TestOrchestratorConfigCRUD::test_list_profiles_returns_list_of_dicts PASSED [ 92%]
tests/test_terminal.py::TestOrchestratorConfigCRUD::test_active_profile_marked_correctly PASSED [ 92%]
tests/test_terminal.py::TestOrchestratorConfigCRUD::test_set_active_profile_returns_false_if_missing PASSED [ 93%]
tests/test_terminal.py::TestOrchestratorConfigEnvOverride::test_get_profile_value_env_var_override PASSED [ 93%]
tests/test_terminal.py::TestOrchestratorConfigEnvOverride::test_get_profile_value_falls_back_to_config PASSED [ 93%]
tests/test_terminal.py::TestOrchestratorConfigEnvOverride::test_get_profile_value_returns_default_when_not_found PASSED [ 94%]
tests/test_terminal.py::TestOrchestratorConfigEnvOverride::test_env_var_takes_precedence_over_active_profile PASSED [ 94%]
tests/test_terminal.py::TestOrchestratorConfigEnvOverride::test_env_var_empty_string_not_overridden PASSED [ 94%]
tests/test_terminal.py::TestSessionDurationLogging::test_duration_is_computed_in_seconds PASSED [ 95%]
tests/test_terminal.py::TestSessionDurationLogging::test_duration_format PASSED [ 95%]
tests/test_terminal.py::TestSessionDurationLogging::test_zero_second_session PASSED [ 95%]
tests/test_terminal.py::TestTerminalRouterRegistration::test_terminal_router_imports PASSED [ 96%]
tests/test_terminal.py::TestTerminalRouterRegistration::test_terminal_router_has_websocket_route PASSED [ 96%]
tests/test_voice.py::TestVoiceRouter::test_voice_process_endpoint_registered PASSED [ 96%]
tests/test_voice.py::TestVoiceRouter::test_voice_process_requires_agent_id PASSED [ 97%]
tests/test_voice.py::TestVoiceRouter::test_voice_process_requires_transcript PASSED [ 97%]
tests/test_voice.py::TestVoiceRouter::test_voice_process_missing_agent PASSED [ 97%]
tests/test_voice.py::TestVoiceRouter::test_voice_process_valid_request PASSED [ 98%]
tests/test_voice.py::TestVoiceRouter::test_voice_process_accepts_optional_fields PASSED [ 98%]
tests/test_voice.py::TestVoiceService::test_imports PASSED               [ 98%]
tests/test_voice.py::TestVoiceService::test_process_voice_transcript_missing_agent PASSED [ 99%]
tests/test_voice.py::TestVoiceSessionPersistence::test_voice_session_appears_in_list PASSED [ 99%]
tests/test_voice.py::TestVoiceSessionPersistence::test_voice_appends_agent_memory PASSED [ 99%]
tests/test_voice.py::TestVoiceWorkspaceFrontend::test_voice_workspace_calls_orchestration_endpoint PASSED [100%]

=================================== FAILURES ===================================
____________________________ TestSystem.test_health ____________________________
tests/test_e2e_api.py:41: in test_health
    assert r.get("status") == "ok"
E   AssertionError: assert None == 'ok'
E    +  where None = <built-in method get of dict object at 0x10cb63680>('status')
E    +    where <built-in method get of dict object at 0x10cb63680> = {'_error': '<urlopen error [Errno 61] Connection refused>'}.get
__________________________ TestSystem.test_pi_version __________________________
tests/test_e2e_api.py:46: in test_pi_version
    assert r.get("version") and len(r["version"]) > 0
E   AssertionError: assert (None)
E    +  where None = <built-in method get of dict object at 0x10ccfa840>('version')
E    +    where <built-in method get of dict object at 0x10ccfa840> = {'_error': '<urlopen error [Errno 61] Connection refused>'}.get
___________________________ TestSystem.test_settings ___________________________
tests/test_e2e_api.py:50: in test_settings
    assert "_error" not in r
E   AssertionError: assert '_error' not in {'_error': '<urlopen error [Errno 61] Connection refused>'}
____________________________ TestAgents.test_create ____________________________
tests/test_e2e_api.py:58: in test_create
    assert "id" in r and r.get("status") == "idle"
E   AssertionError: assert ('id' in {'_error': '<urlopen error [Errno 61] Connection refused>'})
_____________________________ TestAgents.test_list _____________________________
tests/test_e2e_api.py:63: in test_list
    assert isinstance(r, list) and len(r) > 0
E   AssertionError: assert (False)
E    +  where False = isinstance({'_error': '<urlopen error [Errno 61] Connection refused>'}, list)
_____________________________ TestAgents.test_get ______________________________
tests/test_e2e_api.py:67: in test_get
    assert r.get("name") == "e2e-test-agent"
E   AssertionError: assert None == 'e2e-test-agent'
E    +  where None = <built-in method get of dict object at 0x10ccf3300>('name')
E    +    where <built-in method get of dict object at 0x10ccf3300> = {'_error': '<urlopen error [Errno 61] Connection refused>'}.get
____________________________ TestAgents.test_update ____________________________
tests/test_e2e_api.py:71: in test_update
    assert "_error" not in r
E   AssertionError: assert '_error' not in {'_error': '<urlopen error [Errno 61] Connection refused>'}
____________________________ TestAgents.test_delete ____________________________
tests/test_e2e_api.py:75: in test_delete
    assert r.get("status") == "deleted"
E   AssertionError: assert None == 'deleted'
E    +  where None = <built-in method get of dict object at 0x10cd05980>('status')
E    +    where <built-in method get of dict object at 0x10cd05980> = {'_error': '<urlopen error [Errno 61] Connection refused>'}.get
_______________________ TestSessions.test_list_sessions ________________________
tests/test_e2e_api.py:138: in test_list_sessions
    assert isinstance(r, list)
E   AssertionError: assert False
E    +  where False = isinstance({'_error': '<urlopen error [Errno 61] Connection refused>'}, list)
=========================== short test summary info ============================
FAILED tests/test_e2e_api.py::TestSystem::test_health - AssertionError: asser...
FAILED tests/test_e2e_api.py::TestSystem::test_pi_version - AssertionError: a...
FAILED tests/test_e2e_api.py::TestSystem::test_settings - AssertionError: ass...
FAILED tests/test_e2e_api.py::TestAgents::test_create - AssertionError: asser...
FAILED tests/test_e2e_api.py::TestAgents::test_list - AssertionError: assert ...
FAILED tests/test_e2e_api.py::TestAgents::test_get - AssertionError: assert N...
FAILED tests/test_e2e_api.py::TestAgents::test_update - AssertionError: asser...
FAILED tests/test_e2e_api.py::TestAgents::test_delete - AssertionError: asser...
FAILED tests/test_e2e_api.py::TestSessions::test_list_sessions - AssertionErr...
=================== 9 failed, 297 passed, 3 skipped in 2.76s ===================
